nohup: ignoring input
Using device: cuda
Building dataloaders
Loading existing splits...
DataLoaders ready.
#train batches: 162, #val batches: 35, #test batches: 35
#classes: 47
Building CNN model
Found last checkpoint at /data6/erfan/464/project/CNN/cnn_last.pt, attempting to resume.
Forced learning rate to 0.001
Resuming from epoch 69 (best_val_acc=0.7144)

Epoch 69/500
Train loss: 1.1793, acc: 0.6302
Val   loss: 1.2564, acc: 0.6602
LR now: 0.001000

Epoch 70/500
Train loss: 1.1910, acc: 0.6238
Val   loss: 1.3695, acc: 0.6137
LR now: 0.001000

Epoch 71/500
Train loss: 1.1420, acc: 0.6378
Val   loss: 1.3137, acc: 0.6485
LR now: 0.001000

Epoch 72/500
Train loss: 1.1415, acc: 0.6378
Val   loss: 1.3528, acc: 0.6417
LR now: 0.001000

Epoch 73/500
Train loss: 1.1238, acc: 0.6479
Val   loss: 1.3919, acc: 0.6264
LR now: 0.001000

Epoch 74/500
Train loss: 1.0974, acc: 0.6553
Val   loss: 1.1655, acc: 0.6828
LR now: 0.001000

Epoch 75/500
Train loss: 1.0971, acc: 0.6544
Val   loss: 1.1507, acc: 0.6909
LR now: 0.001000

Epoch 76/500
Train loss: 1.0608, acc: 0.6584
Val   loss: 1.4976, acc: 0.6209
LR now: 0.001000

Epoch 77/500
Train loss: 1.0258, acc: 0.6730
Val   loss: 1.3916, acc: 0.6169
LR now: 0.001000

Epoch 78/500
Train loss: 1.0170, acc: 0.6755
Val   loss: 1.3225, acc: 0.6643
LR now: 0.001000

Epoch 79/500
Train loss: 0.9825, acc: 0.6807
Val   loss: 1.3647, acc: 0.6665
LR now: 0.001000

Epoch 80/500
Train loss: 0.9937, acc: 0.6791
Val   loss: 1.2140, acc: 0.6769
LR now: 0.001000

Epoch 81/500
Train loss: 0.9868, acc: 0.6816
Val   loss: 1.3371, acc: 0.6539
LR now: 0.001000

Epoch 82/500
Train loss: 0.9695, acc: 0.6893
Val   loss: 1.2381, acc: 0.6742
LR now: 0.001000

Epoch 83/500
Train loss: 0.9333, acc: 0.6990
Val   loss: 1.1501, acc: 0.6909
LR now: 0.001000

Epoch 84/500
Train loss: 0.9318, acc: 0.6991
Val   loss: 1.2928, acc: 0.6782
LR now: 0.001000

Epoch 85/500
Train loss: 0.9141, acc: 0.7062
Val   loss: 1.1712, acc: 0.7004
LR now: 0.001000

Epoch 86/500
Train loss: 0.9067, acc: 0.7032
Val   loss: 1.2332, acc: 0.6868
LR now: 0.001000

Epoch 87/500
Train loss: 0.8543, acc: 0.7248
Val   loss: 1.1787, acc: 0.6958
LR now: 0.001000

Epoch 88/500
Train loss: 0.8707, acc: 0.7137
Val   loss: 1.2862, acc: 0.6692
LR now: 0.001000

Epoch 89/500
Train loss: 0.8524, acc: 0.7244
Val   loss: 1.1876, acc: 0.6945
LR now: 0.001000

Epoch 90/500
Train loss: 0.8426, acc: 0.7240
Val   loss: 1.2451, acc: 0.7008
LR now: 0.001000

Epoch 91/500
Train loss: 0.8220, acc: 0.7286
Val   loss: 1.1346, acc: 0.7053
LR now: 0.001000

Epoch 92/500
Train loss: 0.8150, acc: 0.7346
Val   loss: 1.2668, acc: 0.6706
LR now: 0.001000

Epoch 93/500
Train loss: 0.8005, acc: 0.7354
Val   loss: 1.1314, acc: 0.7094
LR now: 0.001000

Epoch 94/500
Train loss: 0.8035, acc: 0.7391
Val   loss: 1.3804, acc: 0.6534
LR now: 0.001000

Epoch 95/500
Train loss: 0.8154, acc: 0.7339
Val   loss: 1.1727, acc: 0.7004
LR now: 0.001000

Epoch 96/500
Train loss: 0.7667, acc: 0.7474
Val   loss: 1.2719, acc: 0.6832
LR now: 0.001000

Epoch 97/500
Train loss: 0.7557, acc: 0.7488
Val   loss: 1.3076, acc: 0.6949
LR now: 0.001000

Epoch 98/500
Train loss: 0.7698, acc: 0.7517
Val   loss: 1.0927, acc: 0.7189
LR now: 0.001000
New best model saved to /data6/erfan/464/project/CNN/cnn_best.pt (val_acc=0.7189)

Epoch 99/500
Train loss: 0.7393, acc: 0.7536
Val   loss: 1.1308, acc: 0.7207
LR now: 0.001000
New best model saved to /data6/erfan/464/project/CNN/cnn_best.pt (val_acc=0.7207)

Epoch 100/500
Train loss: 0.7318, acc: 0.7563
Val   loss: 1.1562, acc: 0.7148
LR now: 0.001000

Epoch 101/500
Train loss: 0.7300, acc: 0.7581
Val   loss: 1.3193, acc: 0.6954
LR now: 0.001000

Epoch 102/500
Train loss: 0.7279, acc: 0.7565
Val   loss: 1.1744, acc: 0.7107
LR now: 0.001000

Epoch 103/500
Train loss: 0.6837, acc: 0.7720
Val   loss: 1.1947, acc: 0.7166
LR now: 0.001000

Epoch 104/500
Train loss: 0.6887, acc: 0.7683
Val   loss: 1.4909, acc: 0.6647
LR now: 0.001000

Epoch 105/500
Train loss: 0.6962, acc: 0.7707
Val   loss: 1.2605, acc: 0.6868
LR now: 0.001000

Epoch 106/500
Train loss: 0.8108, acc: 0.7368
Val   loss: 1.1690, acc: 0.6958
LR now: 0.001000

Epoch 107/500
Train loss: 0.7850, acc: 0.7458
Val   loss: 1.1207, acc: 0.7261
LR now: 0.001000
New best model saved to /data6/erfan/464/project/CNN/cnn_best.pt (val_acc=0.7261)

Epoch 108/500
Train loss: 0.7437, acc: 0.7599
Val   loss: 1.1943, acc: 0.7013
LR now: 0.001000

Epoch 109/500
Train loss: 0.7216, acc: 0.7645
Val   loss: 1.1439, acc: 0.7171
LR now: 0.001000

Epoch 110/500
Train loss: 0.7437, acc: 0.7618
Val   loss: 1.4998, acc: 0.6557
LR now: 0.001000

Epoch 111/500
Train loss: 0.7079, acc: 0.7688
Val   loss: 0.9949, acc: 0.7640
LR now: 0.001000
New best model saved to /data6/erfan/464/project/CNN/cnn_best.pt (val_acc=0.7640)

Epoch 112/500
Train loss: 0.7121, acc: 0.7630
Val   loss: 1.0831, acc: 0.7450
LR now: 0.001000

Epoch 113/500
Train loss: 0.6995, acc: 0.7689
Val   loss: 1.1292, acc: 0.7374
LR now: 0.001000

Epoch 114/500
Train loss: 0.6913, acc: 0.7728
Val   loss: 1.2215, acc: 0.6999
LR now: 0.001000

Epoch 115/500
Train loss: 0.6943, acc: 0.7765
Val   loss: 1.1625, acc: 0.7383
LR now: 0.001000

Epoch 116/500
Train loss: 0.6803, acc: 0.7777
Val   loss: 1.0684, acc: 0.7505
LR now: 0.001000

Epoch 117/500
Train loss: 0.6532, acc: 0.7838
Val   loss: 1.0717, acc: 0.7423
LR now: 0.001000

Epoch 118/500
Train loss: 0.6678, acc: 0.7789
Val   loss: 1.4268, acc: 0.6891
LR now: 0.001000

Epoch 119/500
Train loss: 0.6511, acc: 0.7849
Val   loss: 1.0459, acc: 0.7410
LR now: 0.001000

Epoch 120/500
Train loss: 0.6444, acc: 0.7887
Val   loss: 0.9837, acc: 0.7550
LR now: 0.001000

Epoch 121/500
Train loss: 0.6331, acc: 0.7906
Val   loss: 1.1187, acc: 0.7338
LR now: 0.001000

Epoch 122/500
Train loss: 0.6281, acc: 0.7973
Val   loss: 1.0659, acc: 0.7270
LR now: 0.001000

Epoch 123/500
Train loss: 0.6346, acc: 0.7885
Val   loss: 1.0209, acc: 0.7550
LR now: 0.001000

Epoch 124/500
Train loss: 0.6260, acc: 0.7925
Val   loss: 1.1098, acc: 0.7270
LR now: 0.001000

Epoch 125/500
Train loss: 0.6244, acc: 0.7960
Val   loss: 0.9900, acc: 0.7712
LR now: 0.001000
New best model saved to /data6/erfan/464/project/CNN/cnn_best.pt (val_acc=0.7712)

Epoch 126/500
Train loss: 0.5963, acc: 0.7983
Val   loss: 1.0989, acc: 0.7464
LR now: 0.001000

Epoch 127/500
Train loss: 0.5924, acc: 0.8028
Val   loss: 0.9917, acc: 0.7486
LR now: 0.001000

Epoch 128/500
Train loss: 0.5847, acc: 0.8082
Val   loss: 1.1958, acc: 0.7347
LR now: 0.001000

Epoch 129/500
Train loss: 0.5978, acc: 0.8034
Val   loss: 1.0408, acc: 0.7500
LR now: 0.001000

Epoch 130/500
Train loss: 0.5923, acc: 0.8078
Val   loss: 1.1191, acc: 0.7473
LR now: 0.001000

Epoch 131/500
Train loss: 0.5830, acc: 0.8046
Val   loss: 1.0528, acc: 0.7518
LR now: 0.001000

Epoch 132/500
Train loss: 0.5899, acc: 0.8050
Val   loss: 1.3601, acc: 0.7044
LR now: 0.001000

Epoch 133/500
Train loss: 0.5597, acc: 0.8113
Val   loss: 1.2628, acc: 0.7225
LR now: 0.001000

Epoch 134/500
Train loss: 0.5558, acc: 0.8180
Val   loss: 1.1173, acc: 0.7333
LR now: 0.001000

Epoch 135/500
Train loss: 0.5877, acc: 0.8104
Val   loss: 0.9540, acc: 0.7757
LR now: 0.001000
New best model saved to /data6/erfan/464/project/CNN/cnn_best.pt (val_acc=0.7757)

Epoch 136/500
Train loss: 0.5437, acc: 0.8191
Val   loss: 1.0308, acc: 0.7631
LR now: 0.001000

Epoch 137/500
Train loss: 0.5411, acc: 0.8190
Val   loss: 1.0626, acc: 0.7541
LR now: 0.001000

Epoch 138/500
Train loss: 0.5448, acc: 0.8172
Val   loss: 1.3786, acc: 0.7022
LR now: 0.001000

Epoch 139/500
Train loss: 0.5385, acc: 0.8151
Val   loss: 1.0827, acc: 0.7495
LR now: 0.001000

Epoch 140/500
Train loss: 0.5639, acc: 0.8103
Val   loss: 0.9905, acc: 0.7500
LR now: 0.001000

Epoch 141/500
Train loss: 0.5198, acc: 0.8305
Val   loss: 1.0559, acc: 0.7577
LR now: 0.001000

Epoch 142/500
Train loss: 0.5047, acc: 0.8302
Val   loss: 1.1053, acc: 0.7658
LR now: 0.001000

Epoch 143/500
Train loss: 0.5242, acc: 0.8257
Val   loss: 0.9800, acc: 0.7635
LR now: 0.001000

Epoch 144/500
Train loss: 0.5132, acc: 0.8299
Val   loss: 1.1519, acc: 0.7554
LR now: 0.001000

Epoch 145/500
Train loss: 0.5065, acc: 0.8301
Val   loss: 1.1087, acc: 0.7401
LR now: 0.001000

Epoch 146/500
Train loss: 0.4917, acc: 0.8282
Val   loss: 1.1797, acc: 0.7369
LR now: 0.001000

Epoch 147/500
Train loss: 0.5179, acc: 0.8247
Val   loss: 0.9761, acc: 0.7690
LR now: 0.001000

Epoch 148/500
Train loss: 0.4974, acc: 0.8374
Val   loss: 1.1089, acc: 0.7550
LR now: 0.001000

Epoch 149/500
Train loss: 0.5073, acc: 0.8300
Val   loss: 1.1431, acc: 0.7495
LR now: 0.001000

Epoch 150/500
Train loss: 0.5023, acc: 0.8354
Val   loss: 1.1573, acc: 0.7505
LR now: 0.001000

Epoch 151/500
Train loss: 0.4871, acc: 0.8350
Val   loss: 1.0661, acc: 0.7640
LR now: 0.001000

Epoch 152/500
Train loss: 0.4738, acc: 0.8371
Val   loss: 0.9891, acc: 0.7947
LR now: 0.001000
New best model saved to /data6/erfan/464/project/CNN/cnn_best.pt (val_acc=0.7947)

Epoch 153/500
Train loss: 0.4636, acc: 0.8443
Val   loss: 1.0138, acc: 0.7762
LR now: 0.001000

Epoch 154/500
Train loss: 0.4898, acc: 0.8391
Val   loss: 0.9771, acc: 0.7771
LR now: 0.001000

Epoch 155/500
Train loss: 0.4811, acc: 0.8377
Val   loss: 1.0288, acc: 0.7708
LR now: 0.001000

Epoch 156/500
Train loss: 0.4702, acc: 0.8449
Val   loss: 1.0298, acc: 0.7784
LR now: 0.001000

Epoch 157/500
Train loss: 0.4739, acc: 0.8421
Val   loss: 1.0491, acc: 0.7649
LR now: 0.001000

Epoch 158/500
Train loss: 0.4621, acc: 0.8435
Val   loss: 0.8987, acc: 0.7793
LR now: 0.001000

Epoch 159/500
Train loss: 0.4746, acc: 0.8416
Val   loss: 1.1189, acc: 0.7631
LR now: 0.001000

Epoch 160/500
Train loss: 0.4804, acc: 0.8386
Val   loss: 0.9979, acc: 0.7838
LR now: 0.001000

Epoch 161/500
Train loss: 0.4795, acc: 0.8447
Val   loss: 0.9596, acc: 0.7834
LR now: 0.001000

Epoch 162/500
Train loss: 0.4724, acc: 0.8410
Val   loss: 0.9875, acc: 0.7852
LR now: 0.001000

Epoch 163/500
Train loss: 0.4639, acc: 0.8392
Val   loss: 1.0228, acc: 0.7518
LR now: 0.001000

Epoch 164/500
Train loss: 0.4348, acc: 0.8530
Val   loss: 0.9351, acc: 0.8001
LR now: 0.001000
New best model saved to /data6/erfan/464/project/CNN/cnn_best.pt (val_acc=0.8001)

Epoch 165/500
Train loss: 0.4246, acc: 0.8556
Val   loss: 0.9990, acc: 0.7811
LR now: 0.001000

Epoch 166/500
Train loss: 0.4362, acc: 0.8519
Val   loss: 1.0097, acc: 0.7789
LR now: 0.001000

Epoch 167/500
Train loss: 0.4434, acc: 0.8525
Val   loss: 0.9142, acc: 0.7920
LR now: 0.001000

Epoch 168/500
Train loss: 0.4239, acc: 0.8556
Val   loss: 1.0252, acc: 0.7775
LR now: 0.001000

Epoch 169/500
Train loss: 0.4469, acc: 0.8530
Val   loss: 0.9455, acc: 0.7974
LR now: 0.001000

Epoch 170/500
Train loss: 0.4252, acc: 0.8568
Val   loss: 1.0930, acc: 0.7604
LR now: 0.001000

Epoch 171/500
Train loss: 0.4315, acc: 0.8564
Val   loss: 1.0367, acc: 0.7653
LR now: 0.001000

Epoch 172/500
Train loss: 0.4420, acc: 0.8531
Val   loss: 0.9876, acc: 0.7816
LR now: 0.001000

Epoch 173/500
Train loss: 0.4284, acc: 0.8553
Val   loss: 0.8721, acc: 0.8037
LR now: 0.001000
New best model saved to /data6/erfan/464/project/CNN/cnn_best.pt (val_acc=0.8037)

Epoch 174/500
Train loss: 0.4129, acc: 0.8574
Val   loss: 0.9547, acc: 0.7838
LR now: 0.001000

Epoch 175/500
Train loss: 0.3938, acc: 0.8621
Val   loss: 0.9212, acc: 0.7829
LR now: 0.001000

Epoch 176/500
Train loss: 0.4131, acc: 0.8600
Val   loss: 0.9781, acc: 0.7938
LR now: 0.001000

Epoch 177/500
Train loss: 0.4143, acc: 0.8676
Val   loss: 1.2860, acc: 0.7568
LR now: 0.001000

Epoch 178/500
Train loss: 0.4006, acc: 0.8635
Val   loss: 1.0460, acc: 0.7653
LR now: 0.001000

Epoch 179/500
Train loss: 0.4033, acc: 0.8638
Val   loss: 1.0384, acc: 0.7852
LR now: 0.001000

Epoch 180/500
Train loss: 0.4455, acc: 0.8540
Val   loss: 1.2053, acc: 0.7572
LR now: 0.001000

Epoch 181/500
Train loss: 0.3968, acc: 0.8657
Val   loss: 1.0554, acc: 0.7771
LR now: 0.001000

Epoch 182/500
Train loss: 0.4121, acc: 0.8604
Val   loss: 1.1234, acc: 0.7559
LR now: 0.001000

Epoch 183/500
Train loss: 0.4128, acc: 0.8586
Val   loss: 1.0479, acc: 0.7838
LR now: 0.001000

Epoch 184/500
Train loss: 0.3928, acc: 0.8678
Val   loss: 0.9171, acc: 0.7942
LR now: 0.001000

Epoch 185/500
Train loss: 0.3941, acc: 0.8694
Val   loss: 1.1940, acc: 0.7559
LR now: 0.001000

Epoch 186/500
Train loss: 0.4031, acc: 0.8660
Val   loss: 0.9139, acc: 0.7933
LR now: 0.001000

Epoch 187/500
Train loss: 0.3924, acc: 0.8661
Val   loss: 1.0862, acc: 0.7717
LR now: 0.001000

Epoch 188/500
Train loss: 0.3946, acc: 0.8671
Val   loss: 1.1042, acc: 0.7915
LR now: 0.001000

Epoch 189/500
Train loss: 0.3792, acc: 0.8710
Val   loss: 1.0302, acc: 0.7929
LR now: 0.001000

Epoch 190/500
Train loss: 0.3741, acc: 0.8718
Val   loss: 0.9040, acc: 0.7965
LR now: 0.001000

Epoch 191/500
Train loss: 0.3669, acc: 0.8733
Val   loss: 0.9672, acc: 0.7834
LR now: 0.001000

Epoch 192/500
Train loss: 0.3875, acc: 0.8697
Val   loss: 0.9787, acc: 0.7879
LR now: 0.001000

Epoch 193/500
Train loss: 0.3882, acc: 0.8695
Val   loss: 1.0009, acc: 0.7798
LR now: 0.001000

Epoch 194/500
Train loss: 0.3639, acc: 0.8750
Val   loss: 1.0665, acc: 0.7847
LR now: 0.001000

Epoch 195/500
Train loss: 0.3940, acc: 0.8695
Val   loss: 0.9918, acc: 0.7902
LR now: 0.001000

Epoch 196/500
Train loss: 0.3781, acc: 0.8676
Val   loss: 0.9891, acc: 0.7924
LR now: 0.001000

Epoch 197/500
Train loss: 0.3665, acc: 0.8760
Val   loss: 1.0667, acc: 0.7676
LR now: 0.001000

Epoch 198/500
Train loss: 0.3801, acc: 0.8689
Val   loss: 1.0183, acc: 0.7780
LR now: 0.001000

Epoch 199/500
Train loss: 0.3649, acc: 0.8776
Val   loss: 0.9004, acc: 0.8055
LR now: 0.001000
New best model saved to /data6/erfan/464/project/CNN/cnn_best.pt (val_acc=0.8055)

Epoch 200/500
Train loss: 0.3651, acc: 0.8785
Val   loss: 1.0090, acc: 0.7870
LR now: 0.001000

Epoch 201/500
Train loss: 0.3801, acc: 0.8693
Val   loss: 1.1922, acc: 0.7685
LR now: 0.001000

Epoch 202/500
Train loss: 0.3726, acc: 0.8749
Val   loss: 0.9818, acc: 0.7766
LR now: 0.001000

Epoch 203/500
Train loss: 0.3650, acc: 0.8753
Val   loss: 1.1754, acc: 0.7694
LR now: 0.001000

Epoch 204/500
Train loss: 0.3635, acc: 0.8778
Val   loss: 0.9575, acc: 0.8001
LR now: 0.001000

Epoch 205/500
Train loss: 0.3564, acc: 0.8761
Val   loss: 1.0085, acc: 0.7897
LR now: 0.001000

Epoch 206/500
Train loss: 0.3558, acc: 0.8803
Val   loss: 1.1260, acc: 0.7717
LR now: 0.001000

Epoch 207/500
Train loss: 0.3655, acc: 0.8747
Val   loss: 1.1112, acc: 0.7762
LR now: 0.001000

Epoch 208/500
Train loss: 0.3771, acc: 0.8742
Val   loss: 1.0549, acc: 0.7852
LR now: 0.001000

Epoch 209/500
Train loss: 0.3718, acc: 0.8772
Val   loss: 0.9682, acc: 0.7879
LR now: 0.001000

Epoch 210/500
Train loss: 0.3629, acc: 0.8781
Val   loss: 1.1676, acc: 0.7644
LR now: 0.001000

Epoch 211/500
Train loss: 0.3615, acc: 0.8804
Val   loss: 0.8462, acc: 0.8163
LR now: 0.001000
New best model saved to /data6/erfan/464/project/CNN/cnn_best.pt (val_acc=0.8163)

Epoch 212/500
Train loss: 0.3430, acc: 0.8879
Val   loss: 0.9878, acc: 0.7911
LR now: 0.001000

Epoch 213/500
Train loss: 0.3666, acc: 0.8735
Val   loss: 0.8991, acc: 0.8010
LR now: 0.001000

Epoch 214/500
Train loss: 0.3359, acc: 0.8883
Val   loss: 0.8570, acc: 0.8186
LR now: 0.001000
New best model saved to /data6/erfan/464/project/CNN/cnn_best.pt (val_acc=0.8186)

Epoch 215/500
Train loss: 0.3512, acc: 0.8793
Val   loss: 1.0026, acc: 0.7897
LR now: 0.001000

Epoch 216/500
Train loss: 0.3245, acc: 0.8899
Val   loss: 1.0173, acc: 0.7960
LR now: 0.001000

Epoch 217/500
Train loss: 0.3492, acc: 0.8778
Val   loss: 0.9907, acc: 0.7924
LR now: 0.001000

Epoch 218/500
Train loss: 0.3648, acc: 0.8795
Val   loss: 0.8653, acc: 0.8001
LR now: 0.001000

Epoch 219/500
Train loss: 0.3291, acc: 0.8864
Val   loss: 0.9251, acc: 0.7974
LR now: 0.001000

Epoch 220/500
Train loss: 0.3522, acc: 0.8812
Val   loss: 0.9600, acc: 0.7893
LR now: 0.001000

Epoch 221/500
Train loss: 0.3412, acc: 0.8819
Val   loss: 0.8874, acc: 0.8136
LR now: 0.001000

Epoch 222/500
Train loss: 0.3309, acc: 0.8876
Val   loss: 1.1680, acc: 0.7735
LR now: 0.001000

Epoch 223/500
Train loss: 0.3314, acc: 0.8877
Val   loss: 1.0031, acc: 0.8073
LR now: 0.001000

Epoch 224/500
Train loss: 0.3350, acc: 0.8853
Val   loss: 0.9917, acc: 0.7938
LR now: 0.001000

Epoch 225/500
Train loss: 0.3375, acc: 0.8869
Val   loss: 0.9169, acc: 0.7920
LR now: 0.001000

Epoch 226/500
Train loss: 0.3415, acc: 0.8837
Val   loss: 1.0935, acc: 0.7712
LR now: 0.001000

Epoch 227/500
Train loss: 0.3416, acc: 0.8850
Val   loss: 0.9217, acc: 0.8105
LR now: 0.001000

Epoch 228/500
Train loss: 0.3350, acc: 0.8884
Val   loss: 0.9058, acc: 0.8087
LR now: 0.001000

Epoch 229/500
Train loss: 0.3325, acc: 0.8862
Val   loss: 0.9220, acc: 0.8069
LR now: 0.001000

Epoch 230/500
Train loss: 0.3198, acc: 0.8911
Val   loss: 1.0643, acc: 0.7847
LR now: 0.001000

Epoch 231/500
Train loss: 0.3476, acc: 0.8812
Val   loss: 0.9204, acc: 0.7974
LR now: 0.001000

Epoch 232/500
Train loss: 0.3330, acc: 0.8926
Val   loss: 0.8986, acc: 0.7992
LR now: 0.001000

Epoch 233/500
Train loss: 0.3032, acc: 0.8950
Val   loss: 0.9592, acc: 0.8001
LR now: 0.001000

Epoch 234/500
Train loss: 0.3391, acc: 0.8875
Val   loss: 0.9877, acc: 0.8109
LR now: 0.001000

Epoch 235/500
Train loss: 0.3331, acc: 0.8872
Val   loss: 1.1488, acc: 0.7811
LR now: 0.001000

Epoch 236/500
Train loss: 0.3200, acc: 0.8907
Val   loss: 1.1085, acc: 0.7852
LR now: 0.001000

Epoch 237/500
Train loss: 0.3235, acc: 0.8905
Val   loss: 1.0470, acc: 0.8032
LR now: 0.001000

Epoch 238/500
Train loss: 0.3263, acc: 0.8908
Val   loss: 0.9494, acc: 0.7915
LR now: 0.001000

Epoch 239/500
Train loss: 0.3068, acc: 0.8947
Val   loss: 1.0599, acc: 0.7888
LR now: 0.001000

Epoch 240/500
Train loss: 0.3363, acc: 0.8874
Val   loss: 1.0999, acc: 0.7658
LR now: 0.001000

Epoch 241/500
Train loss: 0.3369, acc: 0.8862
Val   loss: 0.8695, acc: 0.8023
LR now: 0.001000

Epoch 242/500
Train loss: 0.3157, acc: 0.8912
Val   loss: 0.9557, acc: 0.8087
LR now: 0.001000

Epoch 243/500
Train loss: 0.3073, acc: 0.8955
Val   loss: 0.9061, acc: 0.8123
LR now: 0.001000

Epoch 244/500
Train loss: 0.3162, acc: 0.8914
Val   loss: 1.0772, acc: 0.7947
LR now: 0.001000

Epoch 245/500
Train loss: 0.3104, acc: 0.8940
Val   loss: 1.1400, acc: 0.7554
LR now: 0.001000

Epoch 246/500
Train loss: 0.3231, acc: 0.8885
Val   loss: 0.9990, acc: 0.7924
LR now: 0.001000

Epoch 247/500
Train loss: 0.3169, acc: 0.8923
Val   loss: 0.9053, acc: 0.8046
LR now: 0.001000

Epoch 248/500
Train loss: 0.3189, acc: 0.8938
Val   loss: 0.9689, acc: 0.7938
LR now: 0.001000

Epoch 249/500
Train loss: 0.3128, acc: 0.8927
Val   loss: 1.0567, acc: 0.7739
LR now: 0.001000

Epoch 250/500
Train loss: 0.3194, acc: 0.8921
Val   loss: 0.8865, acc: 0.8263
LR now: 0.001000
New best model saved to /data6/erfan/464/project/CNN/cnn_best.pt (val_acc=0.8263)

Epoch 251/500
Train loss: 0.3144, acc: 0.8962
Val   loss: 0.8402, acc: 0.8339
LR now: 0.001000
New best model saved to /data6/erfan/464/project/CNN/cnn_best.pt (val_acc=0.8339)

Epoch 252/500
Train loss: 0.3153, acc: 0.8937
Val   loss: 1.0715, acc: 0.7825
LR now: 0.001000

Epoch 253/500
Train loss: 0.3212, acc: 0.8922
Val   loss: 0.8554, acc: 0.8023
LR now: 0.001000

Epoch 254/500
Train loss: 0.3132, acc: 0.8978
Val   loss: 0.8744, acc: 0.8091
LR now: 0.001000

Epoch 255/500
Train loss: 0.3024, acc: 0.8983
Val   loss: 0.9604, acc: 0.7884
LR now: 0.001000

Epoch 256/500
Train loss: 0.3046, acc: 0.8959
Val   loss: 1.0227, acc: 0.7825
LR now: 0.001000

Epoch 257/500
Train loss: 0.3069, acc: 0.8967
Val   loss: 1.0033, acc: 0.7929
LR now: 0.001000

Epoch 258/500
Train loss: 0.3159, acc: 0.8965
Val   loss: 0.8924, acc: 0.7987
LR now: 0.001000

Epoch 259/500
Train loss: 0.3050, acc: 0.8985
Val   loss: 0.9408, acc: 0.8042
LR now: 0.001000

Epoch 260/500
Train loss: 0.3044, acc: 0.8950
Val   loss: 0.9370, acc: 0.7956
LR now: 0.001000

Epoch 261/500
Train loss: 0.2945, acc: 0.9014
Val   loss: 0.9648, acc: 0.7978
LR now: 0.001000

Epoch 262/500
Train loss: 0.3197, acc: 0.8912
Val   loss: 0.9981, acc: 0.8005
LR now: 0.001000

Epoch 263/500
Train loss: 0.2808, acc: 0.9031
Val   loss: 0.9623, acc: 0.8091
LR now: 0.001000

Epoch 264/500
Train loss: 0.3250, acc: 0.8953
Val   loss: 0.8454, acc: 0.8154
LR now: 0.001000

Epoch 265/500
Train loss: 0.2937, acc: 0.9017
Val   loss: 0.8947, acc: 0.8222
LR now: 0.001000

Epoch 266/500
Train loss: 0.2969, acc: 0.8996
Val   loss: 0.8461, acc: 0.8213
LR now: 0.001000

Epoch 267/500
Train loss: 0.3071, acc: 0.8951
Val   loss: 0.9656, acc: 0.8190
LR now: 0.001000

Epoch 268/500
Train loss: 0.2855, acc: 0.9045
Val   loss: 1.0999, acc: 0.7843
LR now: 0.001000

Epoch 269/500
Train loss: 0.2948, acc: 0.9014
Val   loss: 1.0209, acc: 0.7802
LR now: 0.001000

Epoch 270/500
Train loss: 0.3451, acc: 0.8890
Val   loss: 0.9363, acc: 0.8001
LR now: 0.001000

Epoch 271/500
Train loss: 0.2656, acc: 0.9089
Val   loss: 1.0400, acc: 0.7956
LR now: 0.001000

Epoch 272/500
Train loss: 0.2879, acc: 0.9002
Val   loss: 0.9614, acc: 0.8010
LR now: 0.001000

Epoch 273/500
Train loss: 0.2954, acc: 0.8977
Val   loss: 1.1346, acc: 0.7884
LR now: 0.001000

Epoch 274/500
Train loss: 0.2827, acc: 0.9047
Val   loss: 1.0382, acc: 0.7951
LR now: 0.001000

Epoch 275/500
Train loss: 0.2931, acc: 0.8984
Val   loss: 0.9860, acc: 0.8150
LR now: 0.001000

Epoch 276/500
Train loss: 0.2788, acc: 0.9068
Val   loss: 0.9462, acc: 0.8172
LR now: 0.001000

Epoch 277/500
Train loss: 0.2893, acc: 0.9008
Val   loss: 0.8994, acc: 0.8154
LR now: 0.001000

Epoch 278/500
Train loss: 0.3005, acc: 0.9009
Val   loss: 0.9789, acc: 0.8010
LR now: 0.001000

Epoch 279/500
Train loss: 0.2813, acc: 0.9075
Val   loss: 0.9641, acc: 0.7969
LR now: 0.001000

Epoch 280/500
Train loss: 0.2958, acc: 0.8978
Val   loss: 0.9472, acc: 0.8109
LR now: 0.001000

Epoch 281/500
Train loss: 0.2959, acc: 0.8995
Val   loss: 0.9336, acc: 0.8141
LR now: 0.001000

Epoch 282/500
Train loss: 0.2771, acc: 0.9075
Val   loss: 1.1456, acc: 0.7915
LR now: 0.001000

Epoch 283/500
Train loss: 0.2970, acc: 0.9006
Val   loss: 0.8637, acc: 0.8114
LR now: 0.001000

Epoch 284/500
Train loss: 0.2621, acc: 0.9077
Val   loss: 1.1748, acc: 0.7920
LR now: 0.001000

Epoch 285/500
Train loss: 0.2987, acc: 0.8955
Val   loss: 0.8901, acc: 0.8204
LR now: 0.001000

Epoch 286/500
Train loss: 0.3073, acc: 0.8980
Val   loss: 0.8696, acc: 0.8123
LR now: 0.001000

Epoch 287/500
Train loss: 0.2786, acc: 0.9078
Val   loss: 1.0018, acc: 0.8060
LR now: 0.001000

Epoch 288/500
Train loss: 0.2864, acc: 0.9045
Val   loss: 0.9965, acc: 0.7996
LR now: 0.001000

Epoch 289/500
Train loss: 0.2861, acc: 0.9051
Val   loss: 1.0403, acc: 0.7951
LR now: 0.001000

Epoch 290/500
Train loss: 0.3059, acc: 0.9001
Val   loss: 0.8372, acc: 0.8069
LR now: 0.001000

Epoch 291/500
Train loss: 0.2969, acc: 0.9048
Val   loss: 0.8677, acc: 0.8168
LR now: 0.001000

Epoch 292/500
Train loss: 0.2829, acc: 0.9049
Val   loss: 0.9444, acc: 0.8100
LR now: 0.001000

Epoch 293/500
Train loss: 0.2699, acc: 0.9078
Val   loss: 0.8698, acc: 0.8240
LR now: 0.001000

Epoch 294/500
Train loss: 0.2773, acc: 0.9015
Val   loss: 0.9550, acc: 0.8069
LR now: 0.001000

Epoch 295/500
Train loss: 0.2695, acc: 0.9059
Val   loss: 0.9258, acc: 0.7915
LR now: 0.001000

Epoch 296/500
Train loss: 0.3105, acc: 0.8958
Val   loss: 0.8058, acc: 0.8231
LR now: 0.001000

Epoch 297/500
Train loss: 0.2867, acc: 0.9057
Val   loss: 0.9303, acc: 0.8208
LR now: 0.001000

Epoch 298/500
Train loss: 0.2642, acc: 0.9109
Val   loss: 1.1155, acc: 0.7920
LR now: 0.001000

Epoch 299/500
Train loss: 0.2853, acc: 0.9045
Val   loss: 0.7778, acc: 0.8303
LR now: 0.001000

Epoch 300/500
Train loss: 0.2850, acc: 0.9018
Val   loss: 0.8940, acc: 0.8267
LR now: 0.001000

Epoch 301/500
Train loss: 0.2705, acc: 0.9101
Val   loss: 0.9076, acc: 0.8240
LR now: 0.001000

Epoch 302/500
Train loss: 0.3047, acc: 0.8996
Val   loss: 0.8519, acc: 0.8150
LR now: 0.001000

Epoch 303/500
Train loss: 0.2780, acc: 0.9045
Val   loss: 1.0109, acc: 0.8014
LR now: 0.001000

Epoch 304/500
Train loss: 0.2635, acc: 0.9141
Val   loss: 0.8215, acc: 0.8222
LR now: 0.001000

Epoch 305/500
Train loss: 0.2783, acc: 0.9062
Val   loss: 1.0661, acc: 0.7893
LR now: 0.001000

Epoch 306/500
Train loss: 0.2713, acc: 0.9130
Val   loss: 1.0282, acc: 0.8051
LR now: 0.001000

Epoch 307/500
Train loss: 0.2742, acc: 0.9090
Val   loss: 0.9000, acc: 0.8127
LR now: 0.001000

Epoch 308/500
Train loss: 0.2762, acc: 0.9050
Val   loss: 0.8748, acc: 0.8186
LR now: 0.001000

Epoch 309/500
Train loss: 0.2772, acc: 0.9067
Val   loss: 0.9323, acc: 0.8123
LR now: 0.001000

Epoch 310/500
Train loss: 0.3018, acc: 0.9000
Val   loss: 0.8621, acc: 0.8240
LR now: 0.001000

Epoch 311/500
Train loss: 0.2706, acc: 0.9084
Val   loss: 0.8377, acc: 0.8136
LR now: 0.001000

Epoch 312/500
Train loss: 0.2604, acc: 0.9115
Val   loss: 1.0046, acc: 0.8060
LR now: 0.001000

Epoch 313/500
Train loss: 0.2665, acc: 0.9049
Val   loss: 0.8808, acc: 0.8123
LR now: 0.001000

Epoch 314/500
Train loss: 0.2738, acc: 0.9112
Val   loss: 0.9355, acc: 0.8060
LR now: 0.001000

Epoch 315/500
Train loss: 0.2841, acc: 0.9026
Val   loss: 0.8061, acc: 0.8339
LR now: 0.001000

Epoch 316/500
Train loss: 0.2665, acc: 0.9034
Val   loss: 0.8815, acc: 0.8060
LR now: 0.001000

Epoch 317/500
Train loss: 0.2756, acc: 0.9073
Val   loss: 0.9925, acc: 0.8082
LR now: 0.001000

Epoch 318/500
Train loss: 0.2693, acc: 0.9108
Val   loss: 1.0770, acc: 0.8014
LR now: 0.001000

Epoch 319/500
Train loss: 0.2666, acc: 0.9073
Val   loss: 0.8249, acc: 0.8394
LR now: 0.001000
New best model saved to /data6/erfan/464/project/CNN/cnn_best.pt (val_acc=0.8394)

Epoch 320/500
Train loss: 0.2677, acc: 0.9083
Val   loss: 0.8620, acc: 0.8195
LR now: 0.001000

Epoch 321/500
Train loss: 0.2708, acc: 0.9075
Val   loss: 0.8718, acc: 0.8272
LR now: 0.001000

Epoch 322/500
Train loss: 0.2649, acc: 0.9133
Val   loss: 0.9159, acc: 0.8222
LR now: 0.001000

Epoch 323/500
Train loss: 0.2859, acc: 0.9066
Val   loss: 0.8973, acc: 0.8222
LR now: 0.001000

Epoch 324/500
Train loss: 0.2752, acc: 0.9036
Val   loss: 0.9475, acc: 0.8181
LR now: 0.001000

Epoch 325/500
Train loss: 0.2693, acc: 0.9094
Val   loss: 0.9723, acc: 0.8005
LR now: 0.001000

Epoch 326/500
Train loss: 0.2837, acc: 0.9013
Val   loss: 0.8184, acc: 0.8326
LR now: 0.001000

Epoch 327/500
Train loss: 0.2660, acc: 0.9112
Val   loss: 1.0483, acc: 0.8010
LR now: 0.001000

Epoch 328/500
Train loss: 0.2592, acc: 0.9116
Val   loss: 0.7772, acc: 0.8394
LR now: 0.001000

Epoch 329/500
Train loss: 0.2431, acc: 0.9190
Val   loss: 0.8371, acc: 0.8335
LR now: 0.001000

Epoch 330/500
Train loss: 0.2666, acc: 0.9092
Val   loss: 0.7742, acc: 0.8267
LR now: 0.001000

Epoch 331/500
Train loss: 0.2570, acc: 0.9106
Val   loss: 1.0854, acc: 0.7798
LR now: 0.001000

Epoch 332/500
Train loss: 0.2769, acc: 0.9035
Val   loss: 0.9025, acc: 0.8078
LR now: 0.001000

Epoch 333/500
Train loss: 0.2476, acc: 0.9142
Val   loss: 0.9110, acc: 0.8159
LR now: 0.001000

Epoch 334/500
Train loss: 0.2645, acc: 0.9117
Val   loss: 0.8157, acc: 0.8258
LR now: 0.001000

Epoch 335/500
Train loss: 0.2803, acc: 0.9068
Val   loss: 0.9726, acc: 0.8199
LR now: 0.001000

Epoch 336/500
Train loss: 0.2702, acc: 0.9083
Val   loss: 0.8656, acc: 0.8231
LR now: 0.001000

Epoch 337/500
Train loss: 0.2660, acc: 0.9087
Val   loss: 0.8966, acc: 0.8060
LR now: 0.001000

Epoch 338/500
Train loss: 0.2527, acc: 0.9138
Val   loss: 0.8786, acc: 0.8141
LR now: 0.001000

Epoch 339/500
Train loss: 0.2786, acc: 0.9086
Val   loss: 0.8466, acc: 0.8222
LR now: 0.001000

Epoch 340/500
Train loss: 0.2560, acc: 0.9133
Val   loss: 1.1980, acc: 0.7798
LR now: 0.001000

Epoch 341/500
Train loss: 0.2583, acc: 0.9121
Val   loss: 0.8102, acc: 0.8204
LR now: 0.001000

Epoch 342/500
Train loss: 0.2521, acc: 0.9144
Val   loss: 0.8013, acc: 0.8303
LR now: 0.001000

Epoch 343/500
Train loss: 0.2681, acc: 0.9079
Val   loss: 0.8262, acc: 0.8245
LR now: 0.001000

Epoch 344/500
Train loss: 0.2806, acc: 0.9052
Val   loss: 0.9211, acc: 0.8118
LR now: 0.001000

Epoch 345/500
Train loss: 0.2509, acc: 0.9157
Val   loss: 0.8758, acc: 0.8227
LR now: 0.001000

Epoch 346/500
Train loss: 0.2583, acc: 0.9146
Val   loss: 0.8714, acc: 0.8073
LR now: 0.001000

Epoch 347/500
Train loss: 0.2587, acc: 0.9141
Val   loss: 0.8466, acc: 0.8330
LR now: 0.001000

Epoch 348/500
Train loss: 0.2616, acc: 0.9118
Val   loss: 0.8820, acc: 0.8159
LR now: 0.001000

Epoch 349/500
Train loss: 0.2572, acc: 0.9129
Val   loss: 0.8636, acc: 0.8218
LR now: 0.001000

Epoch 350/500
Train loss: 0.2570, acc: 0.9135
Val   loss: 0.8633, acc: 0.8276
LR now: 0.001000

Epoch 351/500
Train loss: 0.2395, acc: 0.9181
Val   loss: 1.0531, acc: 0.8064
LR now: 0.001000

Epoch 352/500
Train loss: 0.2747, acc: 0.9077
Val   loss: 1.0204, acc: 0.8100
LR now: 0.001000

Epoch 353/500
Train loss: 0.2575, acc: 0.9138
Val   loss: 0.9432, acc: 0.8159
LR now: 0.001000

Epoch 354/500
Train loss: 0.2633, acc: 0.9085
Val   loss: 0.8413, acc: 0.8231
LR now: 0.001000

Epoch 355/500
Train loss: 0.2474, acc: 0.9152
Val   loss: 0.8791, acc: 0.8317
LR now: 0.001000

Epoch 356/500
Train loss: 0.2387, acc: 0.9181
Val   loss: 0.8163, acc: 0.8227
LR now: 0.001000

Epoch 357/500
Train loss: 0.2568, acc: 0.9137
Val   loss: 1.0569, acc: 0.8010
LR now: 0.001000

Epoch 358/500
Train loss: 0.2729, acc: 0.9079
Val   loss: 0.8831, acc: 0.8163
LR now: 0.001000

Epoch 359/500
Train loss: 0.2717, acc: 0.9110
Val   loss: 0.9925, acc: 0.8105
LR now: 0.001000

Epoch 360/500
Train loss: 0.2483, acc: 0.9178
Val   loss: 0.9068, acc: 0.8132
LR now: 0.001000

Epoch 361/500
Train loss: 0.2641, acc: 0.9076
Val   loss: 0.9986, acc: 0.8078
LR now: 0.001000

Epoch 362/500
Train loss: 0.2625, acc: 0.9119
Val   loss: 0.9672, acc: 0.8096
LR now: 0.001000

Epoch 363/500
Train loss: 0.2349, acc: 0.9187
Val   loss: 0.8063, acc: 0.8357
LR now: 0.001000

Epoch 364/500
Train loss: 0.2580, acc: 0.9132
Val   loss: 0.9046, acc: 0.8159
LR now: 0.001000

Epoch 365/500
Train loss: 0.2505, acc: 0.9162
Val   loss: 0.9030, acc: 0.8199
LR now: 0.001000

Epoch 366/500
Train loss: 0.2614, acc: 0.9121
Val   loss: 0.8618, acc: 0.8267
LR now: 0.001000

Epoch 367/500
Train loss: 0.2379, acc: 0.9196
Val   loss: 0.7735, acc: 0.8425
LR now: 0.001000
New best model saved to /data6/erfan/464/project/CNN/cnn_best.pt (val_acc=0.8425)

Epoch 368/500
Train loss: 0.2335, acc: 0.9189
Val   loss: 0.8894, acc: 0.8181
LR now: 0.001000

Epoch 369/500
Train loss: 0.2697, acc: 0.9106
Val   loss: 0.9981, acc: 0.8037
LR now: 0.001000

Epoch 370/500
Train loss: 0.2604, acc: 0.9138
Val   loss: 1.0356, acc: 0.8010
LR now: 0.001000

Epoch 371/500
Train loss: 0.2414, acc: 0.9173
Val   loss: 0.9915, acc: 0.8213
LR now: 0.001000

Epoch 372/500
Train loss: 0.2353, acc: 0.9242
Val   loss: 0.9260, acc: 0.8032
LR now: 0.001000

Epoch 373/500
Train loss: 0.2587, acc: 0.9110
Val   loss: 1.0070, acc: 0.8114
LR now: 0.001000

Epoch 374/500
Train loss: 0.2777, acc: 0.9076
Val   loss: 0.9214, acc: 0.8249
LR now: 0.001000

Epoch 375/500
Train loss: 0.2534, acc: 0.9103
Val   loss: 0.9463, acc: 0.8208
LR now: 0.001000

Epoch 376/500
Train loss: 0.2604, acc: 0.9122
Val   loss: 0.9104, acc: 0.8231
LR now: 0.001000

Epoch 377/500
Train loss: 0.2522, acc: 0.9176
Val   loss: 0.8880, acc: 0.8303
LR now: 0.001000

Epoch 378/500
Train loss: 0.2469, acc: 0.9175
Val   loss: 0.9575, acc: 0.8276
LR now: 0.001000

Epoch 379/500
Train loss: 0.2561, acc: 0.9141
Val   loss: 0.9339, acc: 0.8168
LR now: 0.001000

Epoch 380/500
Train loss: 0.2439, acc: 0.9197
Val   loss: 0.8518, acc: 0.8290
LR now: 0.001000

Epoch 381/500
Train loss: 0.2410, acc: 0.9143
Val   loss: 0.9965, acc: 0.8019
LR now: 0.001000

Epoch 382/500
Train loss: 0.2544, acc: 0.9162
Val   loss: 0.9513, acc: 0.8127
LR now: 0.001000

Epoch 383/500
Train loss: 0.2205, acc: 0.9229
Val   loss: 0.8436, acc: 0.8303
LR now: 0.001000

Epoch 384/500
Train loss: 0.2358, acc: 0.9180
Val   loss: 0.9269, acc: 0.8145
LR now: 0.001000

Epoch 385/500
Train loss: 0.2482, acc: 0.9146
Val   loss: 0.8391, acc: 0.8403
LR now: 0.001000

Epoch 386/500
Train loss: 0.2426, acc: 0.9194
Val   loss: 0.9648, acc: 0.8127
LR now: 0.001000

Epoch 387/500
Train loss: 0.2715, acc: 0.9069
Val   loss: 0.8995, acc: 0.8245
LR now: 0.001000

Epoch 388/500
Train loss: 0.2445, acc: 0.9167
Val   loss: 0.9414, acc: 0.8145
LR now: 0.001000

Epoch 389/500
Train loss: 0.2525, acc: 0.9159
Val   loss: 0.9107, acc: 0.8172
LR now: 0.001000

Epoch 390/500
Train loss: 0.2415, acc: 0.9205
Val   loss: 0.9155, acc: 0.8276
LR now: 0.001000

Epoch 391/500
Train loss: 0.2391, acc: 0.9198
Val   loss: 1.1120, acc: 0.7793
LR now: 0.001000

Epoch 392/500
Train loss: 0.2513, acc: 0.9137
Val   loss: 0.9176, acc: 0.8213
LR now: 0.001000

Epoch 393/500
Train loss: 0.2718, acc: 0.9093
Val   loss: 0.8707, acc: 0.8055
LR now: 0.001000

Epoch 394/500
Train loss: 0.2803, acc: 0.9101
Val   loss: 0.7870, acc: 0.8281
LR now: 0.001000

Epoch 395/500
Train loss: 0.2301, acc: 0.9228
Val   loss: 0.7978, acc: 0.8353
LR now: 0.001000

Epoch 396/500
Train loss: 0.2552, acc: 0.9154
Val   loss: 0.8885, acc: 0.8227
LR now: 0.001000

Epoch 397/500
Train loss: 0.2477, acc: 0.9175
Val   loss: 1.0135, acc: 0.8118
LR now: 0.001000

Epoch 398/500
Train loss: 0.2299, acc: 0.9205
Val   loss: 0.8011, acc: 0.8326
LR now: 0.001000

Epoch 399/500
Train loss: 0.2291, acc: 0.9225
Val   loss: 1.0333, acc: 0.8150
LR now: 0.001000

Epoch 400/500
Train loss: 0.2330, acc: 0.9188
Val   loss: 0.9781, acc: 0.8299
LR now: 0.001000

Epoch 401/500
Train loss: 0.2552, acc: 0.9142
Val   loss: 0.8958, acc: 0.8109
LR now: 0.001000

Epoch 402/500
Train loss: 0.2490, acc: 0.9162
Val   loss: 0.8345, acc: 0.8357
LR now: 0.001000

Epoch 403/500
Train loss: 0.2642, acc: 0.9125
Val   loss: 0.8642, acc: 0.8186
LR now: 0.001000

Epoch 404/500
Train loss: 0.2343, acc: 0.9170
Val   loss: 0.8748, acc: 0.8141
LR now: 0.001000

Epoch 405/500
Train loss: 0.2628, acc: 0.9120
Val   loss: 0.7624, acc: 0.8344
LR now: 0.001000

Epoch 406/500
Train loss: 0.2141, acc: 0.9287
Val   loss: 0.8382, acc: 0.8285
LR now: 0.001000

Epoch 407/500
Train loss: 0.2305, acc: 0.9220
Val   loss: 0.8682, acc: 0.8312
LR now: 0.001000

Epoch 408/500
Train loss: 0.2393, acc: 0.9205
Val   loss: 0.9924, acc: 0.8073
LR now: 0.001000

Epoch 409/500
Train loss: 0.2427, acc: 0.9190
Val   loss: 1.0349, acc: 0.8051
LR now: 0.001000

Epoch 410/500
Train loss: 0.2478, acc: 0.9183
Val   loss: 0.9783, acc: 0.8141
LR now: 0.001000

Epoch 411/500
Train loss: 0.2317, acc: 0.9209
Val   loss: 0.9207, acc: 0.8208
LR now: 0.001000

Epoch 412/500
Train loss: 0.2453, acc: 0.9189
Val   loss: 0.8367, acc: 0.8366
LR now: 0.001000

Epoch 413/500
Train loss: 0.2588, acc: 0.9135
Val   loss: 0.9569, acc: 0.8055
LR now: 0.001000

Epoch 414/500
Train loss: 0.2603, acc: 0.9144
Val   loss: 0.9905, acc: 0.8168
LR now: 0.001000

Epoch 415/500
Train loss: 0.2502, acc: 0.9163
Val   loss: 0.8799, acc: 0.8132
LR now: 0.001000

Epoch 416/500
Train loss: 0.2402, acc: 0.9216
Val   loss: 0.8176, acc: 0.8330
LR now: 0.001000

Epoch 417/500
Train loss: 0.2152, acc: 0.9298
Val   loss: 0.8081, acc: 0.8398
LR now: 0.001000

Epoch 418/500
Train loss: 0.2393, acc: 0.9176
Val   loss: 0.9475, acc: 0.8150
LR now: 0.001000

Epoch 419/500
Train loss: 0.2449, acc: 0.9102
Val   loss: 0.8689, acc: 0.8321
LR now: 0.001000

Epoch 420/500
Train loss: 0.2217, acc: 0.9237
Val   loss: 0.8718, acc: 0.8308
LR now: 0.001000

Epoch 421/500
Train loss: 0.2540, acc: 0.9136
Val   loss: 0.9505, acc: 0.8254
LR now: 0.001000

Epoch 422/500
Train loss: 0.2605, acc: 0.9117
Val   loss: 0.9490, acc: 0.8127
LR now: 0.001000

Epoch 423/500
Train loss: 0.2318, acc: 0.9200
Val   loss: 0.8197, acc: 0.8389
LR now: 0.001000

Epoch 424/500
Train loss: 0.2386, acc: 0.9205
Val   loss: 1.0133, acc: 0.8186
LR now: 0.001000

Epoch 425/500
Train loss: 0.2257, acc: 0.9227
Val   loss: 0.8568, acc: 0.8344
LR now: 0.001000

Epoch 426/500
Train loss: 0.2288, acc: 0.9198
Val   loss: 0.8783, acc: 0.8353
LR now: 0.001000

Epoch 427/500
Train loss: 0.2340, acc: 0.9194
Val   loss: 0.9652, acc: 0.8014
LR now: 0.001000

Epoch 428/500
Train loss: 0.2406, acc: 0.9187
Val   loss: 0.9969, acc: 0.8159
LR now: 0.001000

Epoch 429/500
Train loss: 0.2368, acc: 0.9183
Val   loss: 1.0134, acc: 0.8199
LR now: 0.001000

Epoch 430/500
Train loss: 0.2399, acc: 0.9206
Val   loss: 0.8442, acc: 0.8362
LR now: 0.001000

Epoch 431/500
Train loss: 0.2367, acc: 0.9217
Val   loss: 0.9108, acc: 0.8069
LR now: 0.001000

Epoch 432/500
Train loss: 0.2306, acc: 0.9179
Val   loss: 0.8904, acc: 0.8159
LR now: 0.001000

Epoch 433/500
Train loss: 0.2398, acc: 0.9205
Val   loss: 0.8050, acc: 0.8434
LR now: 0.001000
New best model saved to /data6/erfan/464/project/CNN/cnn_best.pt (val_acc=0.8434)

Epoch 434/500
Train loss: 0.2114, acc: 0.9301
Val   loss: 0.8732, acc: 0.8353
LR now: 0.001000

Epoch 435/500
Train loss: 0.2802, acc: 0.9066
Val   loss: 0.9602, acc: 0.8014
LR now: 0.001000

Epoch 436/500
Train loss: 0.2613, acc: 0.9125
Val   loss: 0.8744, acc: 0.8398
LR now: 0.001000

Epoch 437/500
Train loss: 0.2298, acc: 0.9245
Val   loss: 0.8576, acc: 0.8168
LR now: 0.001000

Epoch 438/500
Train loss: 0.2219, acc: 0.9237
Val   loss: 0.8763, acc: 0.8299
LR now: 0.001000

Epoch 439/500
Train loss: 0.2329, acc: 0.9233
Val   loss: 0.8426, acc: 0.8294
LR now: 0.001000

Epoch 440/500
Train loss: 0.2438, acc: 0.9188
Val   loss: 0.8725, acc: 0.8335
LR now: 0.001000

Epoch 441/500
Train loss: 0.2249, acc: 0.9231
Val   loss: 0.8828, acc: 0.8308
LR now: 0.001000

Epoch 442/500
Train loss: 0.2310, acc: 0.9205
Val   loss: 0.7660, acc: 0.8461
LR now: 0.001000
New best model saved to /data6/erfan/464/project/CNN/cnn_best.pt (val_acc=0.8461)

Epoch 443/500
Train loss: 0.2392, acc: 0.9202
Val   loss: 1.1678, acc: 0.7933
LR now: 0.001000

Epoch 444/500
Train loss: 0.2212, acc: 0.9262
Val   loss: 0.9194, acc: 0.8245
LR now: 0.001000

Epoch 445/500
Train loss: 0.2397, acc: 0.9187
Val   loss: 0.9492, acc: 0.8245
LR now: 0.001000

Epoch 446/500
Train loss: 0.2300, acc: 0.9209
Val   loss: 0.9856, acc: 0.8245
LR now: 0.001000

Epoch 447/500
Train loss: 0.2585, acc: 0.9138
Val   loss: 0.8973, acc: 0.8118
LR now: 0.001000

Epoch 448/500
Train loss: 0.2320, acc: 0.9252
Val   loss: 0.8630, acc: 0.8312
LR now: 0.001000

Epoch 449/500
Train loss: 0.2398, acc: 0.9176
Val   loss: 1.0099, acc: 0.8272
LR now: 0.001000

Epoch 450/500
Train loss: 0.2428, acc: 0.9200
Val   loss: 0.8104, acc: 0.8308
LR now: 0.001000

Epoch 451/500
Train loss: 0.2309, acc: 0.9203
Val   loss: 0.9482, acc: 0.8199
LR now: 0.001000

Epoch 452/500
Train loss: 0.2425, acc: 0.9185
Val   loss: 0.9109, acc: 0.8308
LR now: 0.001000

Epoch 453/500
Train loss: 0.2273, acc: 0.9189
Val   loss: 0.9195, acc: 0.8208
LR now: 0.001000

Epoch 454/500
Train loss: 0.2551, acc: 0.9183
Val   loss: 1.0008, acc: 0.8060
LR now: 0.001000

Epoch 455/500
Train loss: 0.2445, acc: 0.9178
Val   loss: 0.9930, acc: 0.8227
LR now: 0.001000

Epoch 456/500
Train loss: 0.2254, acc: 0.9248
Val   loss: 0.8194, acc: 0.8290
LR now: 0.001000

Epoch 457/500
Train loss: 0.2342, acc: 0.9220
Val   loss: 0.7697, acc: 0.8407
LR now: 0.001000

Epoch 458/500
Train loss: 0.2223, acc: 0.9264
Val   loss: 1.0478, acc: 0.8118
LR now: 0.001000

Epoch 459/500
Train loss: 0.2323, acc: 0.9217
Val   loss: 0.8289, acc: 0.8353
LR now: 0.001000

Epoch 460/500
Train loss: 0.2420, acc: 0.9191
Val   loss: 0.7509, acc: 0.8394
LR now: 0.001000

Epoch 461/500
Train loss: 0.2305, acc: 0.9238
Val   loss: 0.9470, acc: 0.8240
LR now: 0.001000

Epoch 462/500
Train loss: 0.2060, acc: 0.9282
Val   loss: 0.7375, acc: 0.8533
LR now: 0.001000
New best model saved to /data6/erfan/464/project/CNN/cnn_best.pt (val_acc=0.8533)

Epoch 463/500
Train loss: 0.2321, acc: 0.9242
Val   loss: 0.9317, acc: 0.8245
LR now: 0.001000

Epoch 464/500
Train loss: 0.2277, acc: 0.9240
Val   loss: 0.8735, acc: 0.8375
LR now: 0.001000

Epoch 465/500
Train loss: 0.2310, acc: 0.9234
Val   loss: 0.9231, acc: 0.8326
LR now: 0.001000

Epoch 466/500
Train loss: 0.2215, acc: 0.9218
Val   loss: 0.8060, acc: 0.8348
LR now: 0.001000

Epoch 467/500
Train loss: 0.2401, acc: 0.9161
Val   loss: 0.9212, acc: 0.8163
LR now: 0.001000

Epoch 468/500
Train loss: 0.2307, acc: 0.9213
Val   loss: 0.7481, acc: 0.8430
LR now: 0.001000

Epoch 469/500
Train loss: 0.2198, acc: 0.9255
Val   loss: 0.8207, acc: 0.8294
LR now: 0.001000

Epoch 470/500
Train loss: 0.2409, acc: 0.9188
Val   loss: 0.9403, acc: 0.8249
LR now: 0.001000

Epoch 471/500
Train loss: 0.2089, acc: 0.9272
Val   loss: 0.9436, acc: 0.8190
LR now: 0.001000

Epoch 472/500
Train loss: 0.2304, acc: 0.9215
Val   loss: 0.7536, acc: 0.8466
LR now: 0.001000

Epoch 473/500
Train loss: 0.2063, acc: 0.9302
Val   loss: 0.8675, acc: 0.8249
LR now: 0.001000

Epoch 474/500
Train loss: 0.2335, acc: 0.9212
Val   loss: 1.0262, acc: 0.8037
LR now: 0.001000

Epoch 475/500
Train loss: 0.2375, acc: 0.9193
Val   loss: 0.9963, acc: 0.8123
LR now: 0.001000

Epoch 476/500
Train loss: 0.2289, acc: 0.9240
Val   loss: 0.9248, acc: 0.8204
LR now: 0.001000

Epoch 477/500
Train loss: 0.2413, acc: 0.9180
Val   loss: 1.0223, acc: 0.8073
LR now: 0.001000

Epoch 478/500
Train loss: 0.2357, acc: 0.9198
Val   loss: 0.8388, acc: 0.8326
LR now: 0.001000

Epoch 479/500
Train loss: 0.2366, acc: 0.9229
Val   loss: 0.9505, acc: 0.8064
LR now: 0.001000

Epoch 480/500
Train loss: 0.2219, acc: 0.9255
Val   loss: 0.9718, acc: 0.7983
LR now: 0.001000

Epoch 481/500
Train loss: 0.2478, acc: 0.9168
Val   loss: 0.7623, acc: 0.8357
LR now: 0.001000

Epoch 482/500
Train loss: 0.2234, acc: 0.9244
Val   loss: 0.8128, acc: 0.8394
LR now: 0.001000

Epoch 483/500
Train loss: 0.2273, acc: 0.9208
Val   loss: 0.8890, acc: 0.8245
LR now: 0.001000

Epoch 484/500
Train loss: 0.2204, acc: 0.9264
Val   loss: 0.8873, acc: 0.8177
LR now: 0.001000

Epoch 485/500
Train loss: 0.2276, acc: 0.9217
Val   loss: 0.8758, acc: 0.8231
LR now: 0.001000

Epoch 486/500
Train loss: 0.2167, acc: 0.9271
Val   loss: 0.7719, acc: 0.8353
LR now: 0.001000

Epoch 487/500
Train loss: 0.2095, acc: 0.9275
Val   loss: 0.9537, acc: 0.8141
LR now: 0.001000

Epoch 488/500
Train loss: 0.2507, acc: 0.9181
Val   loss: 0.7655, acc: 0.8290
LR now: 0.001000

Epoch 489/500
Train loss: 0.2551, acc: 0.9159
Val   loss: 1.1245, acc: 0.7780
LR now: 0.001000

Epoch 490/500
Train loss: 0.2292, acc: 0.9235
Val   loss: 0.7869, acc: 0.8344
LR now: 0.001000

Epoch 491/500
Train loss: 0.2142, acc: 0.9273
Val   loss: 1.0141, acc: 0.8051
LR now: 0.001000

Epoch 492/500
Train loss: 0.2132, acc: 0.9272
Val   loss: 0.9262, acc: 0.8272
LR now: 0.001000

Epoch 493/500
Train loss: 0.2108, acc: 0.9278
Val   loss: 0.8489, acc: 0.8326
LR now: 0.001000

Epoch 494/500
Train loss: 0.2231, acc: 0.9252
Val   loss: 0.7766, acc: 0.8407
LR now: 0.001000

Epoch 495/500
Train loss: 0.2195, acc: 0.9265
Val   loss: 0.8892, acc: 0.8362
LR now: 0.001000

Epoch 496/500
Train loss: 0.2429, acc: 0.9189
Val   loss: 0.8492, acc: 0.8240
LR now: 0.001000

Epoch 497/500
Train loss: 0.2247, acc: 0.9246
Val   loss: 0.9881, acc: 0.8186
LR now: 0.001000

Epoch 498/500
Train loss: 0.2201, acc: 0.9258
Val   loss: 0.8078, acc: 0.8263
LR now: 0.001000

Epoch 499/500
Train loss: 0.2259, acc: 0.9211
Val   loss: 0.8301, acc: 0.8294
LR now: 0.001000

Epoch 500/500
Train loss: 0.2073, acc: 0.9283
Val   loss: 0.8085, acc: 0.8290
LR now: 0.001000

Training done.
Best val acc: 0.8533
Loading best model for test evaluation...
Test accuracy: 0.8570
